  Program.cpp
C:\Users\plusf\Desktop\GameP_05\Program\Program.cpp(30,2): error C3927: '->': 후행 반환 형식은 비함수 선언자 뒤에 올 수 없습니다.
      C:\Users\plusf\Desktop\GameP_05\Program\Program.cpp(30,2):
      템플릿 인스턴스화 컨텍스트(가장 오래된 인스턴스화 컨텍스트)가
          C:\Users\plusf\Desktop\GameP_05\Program\Program.cpp(9,7):
          클래스 템플릿 'Node'을(를) 컴파일하는 동안
  
C:\Users\plusf\Desktop\GameP_05\Program\Program.cpp(30,6): error C3484: 구문 오류: 반환 형식 앞에 '->'가 필요합니다.
C:\Users\plusf\Desktop\GameP_05\Program\Program.cpp(30,7): error C3613: '->' 후 반환 형식이 없습니다('int'로 간주됨).
C:\Users\plusf\Desktop\GameP_05\Program\Program.cpp(30,7): error C3646: 'insert': 알 수 없는 재정의 지정자입니다.
C:\Users\plusf\Desktop\GameP_05\Program\Program.cpp(30,13): error C2059: 구문 오류: '('
C:\Users\plusf\Desktop\GameP_05\Program\Program.cpp(30,19): error C2238: ';' 앞에 예기치 않은 토큰이 있습니다.
C:\Users\plusf\Desktop\GameP_05\Program\Program.cpp(31,2): error C3927: '->': 후행 반환 형식은 비함수 선언자 뒤에 올 수 없습니다.
C:\Users\plusf\Desktop\GameP_05\Program\Program.cpp(31,6): error C3484: 구문 오류: 반환 형식 앞에 '->'가 필요합니다.
C:\Users\plusf\Desktop\GameP_05\Program\Program.cpp(31,7): error C3613: '->' 후 반환 형식이 없습니다('int'로 간주됨).
C:\Users\plusf\Desktop\GameP_05\Program\Program.cpp(31,7): error C3646: 'insert': 알 수 없는 재정의 지정자입니다.
C:\Users\plusf\Desktop\GameP_05\Program\Program.cpp(31,13): error C2059: 구문 오류: '('
C:\Users\plusf\Desktop\GameP_05\Program\Program.cpp(31,19): error C2238: ';' 앞에 예기치 않은 토큰이 있습니다.
C:\Users\plusf\Desktop\GameP_05\Program\Program.cpp(33,2): error C3927: '->': 후행 반환 형식은 비함수 선언자 뒤에 올 수 없습니다.
C:\Users\plusf\Desktop\GameP_05\Program\Program.cpp(33,6): error C3484: 구문 오류: 반환 형식 앞에 '->'가 필요합니다.
C:\Users\plusf\Desktop\GameP_05\Program\Program.cpp(33,7): error C3613: '->' 후 반환 형식이 없습니다('int'로 간주됨).
C:\Users\plusf\Desktop\GameP_05\Program\Program.cpp(33,7): error C3646: 'insert': 알 수 없는 재정의 지정자입니다.
C:\Users\plusf\Desktop\GameP_05\Program\Program.cpp(33,13): error C2059: 구문 오류: '('
C:\Users\plusf\Desktop\GameP_05\Program\Program.cpp(33,19): error C2238: ';' 앞에 예기치 않은 토큰이 있습니다.
C:\Users\plusf\Desktop\GameP_05\Program\Program.cpp(34,2): error C3927: '->': 후행 반환 형식은 비함수 선언자 뒤에 올 수 없습니다.
C:\Users\plusf\Desktop\GameP_05\Program\Program.cpp(34,6): error C3484: 구문 오류: 반환 형식 앞에 '->'가 필요합니다.
C:\Users\plusf\Desktop\GameP_05\Program\Program.cpp(34,7): error C3613: '->' 후 반환 형식이 없습니다('int'로 간주됨).
C:\Users\plusf\Desktop\GameP_05\Program\Program.cpp(34,7): error C3646: 'insert': 알 수 없는 재정의 지정자입니다.
C:\Users\plusf\Desktop\GameP_05\Program\Program.cpp(34,13): error C2059: 구문 오류: '('
C:\Users\plusf\Desktop\GameP_05\Program\Program.cpp(34,19): error C2238: ';' 앞에 예기치 않은 토큰이 있습니다.
C:\Users\plusf\Desktop\GameP_05\Program\Program.cpp(35,2): error C3927: '->': 후행 반환 형식은 비함수 선언자 뒤에 올 수 없습니다.
C:\Users\plusf\Desktop\GameP_05\Program\Program.cpp(35,6): error C3484: 구문 오류: 반환 형식 앞에 '->'가 필요합니다.
C:\Users\plusf\Desktop\GameP_05\Program\Program.cpp(35,7): error C3613: '->' 후 반환 형식이 없습니다('int'로 간주됨).
C:\Users\plusf\Desktop\GameP_05\Program\Program.cpp(35,7): error C3646: 'insert': 알 수 없는 재정의 지정자입니다.
C:\Users\plusf\Desktop\GameP_05\Program\Program.cpp(35,13): error C2059: 구문 오류: '('
C:\Users\plusf\Desktop\GameP_05\Program\Program.cpp(35,19): error C2238: ';' 앞에 예기치 않은 토큰이 있습니다.
C:\Users\plusf\Desktop\GameP_05\Program\Program.cpp(37,2): error C3927: '->': 후행 반환 형식은 비함수 선언자 뒤에 올 수 없습니다.
C:\Users\plusf\Desktop\GameP_05\Program\Program.cpp(37,6): error C3484: 구문 오류: 반환 형식 앞에 '->'가 필요합니다.
C:\Users\plusf\Desktop\GameP_05\Program\Program.cpp(37,7): error C3613: '->' 후 반환 형식이 없습니다('int'로 간주됨).
C:\Users\plusf\Desktop\GameP_05\Program\Program.cpp(37,7): error C3646: 'insert': 알 수 없는 재정의 지정자입니다.
C:\Users\plusf\Desktop\GameP_05\Program\Program.cpp(37,13): error C2059: 구문 오류: '('
C:\Users\plusf\Desktop\GameP_05\Program\Program.cpp(37,19): error C2238: ';' 앞에 예기치 않은 토큰이 있습니다.
C:\Users\plusf\Desktop\GameP_05\Program\Program.cpp(38,2): error C3927: '->': 후행 반환 형식은 비함수 선언자 뒤에 올 수 없습니다.
C:\Users\plusf\Desktop\GameP_05\Program\Program.cpp(38,6): error C3484: 구문 오류: 반환 형식 앞에 '->'가 필요합니다.
C:\Users\plusf\Desktop\GameP_05\Program\Program.cpp(38,7): error C3613: '->' 후 반환 형식이 없습니다('int'로 간주됨).
C:\Users\plusf\Desktop\GameP_05\Program\Program.cpp(38,7): error C3646: 'insert': 알 수 없는 재정의 지정자입니다.
C:\Users\plusf\Desktop\GameP_05\Program\Program.cpp(38,13): error C2059: 구문 오류: '('
C:\Users\plusf\Desktop\GameP_05\Program\Program.cpp(38,19): error C2238: ';' 앞에 예기치 않은 토큰이 있습니다.
C:\Users\plusf\Desktop\GameP_05\Program\Program.cpp(40,2): error C3927: '->': 후행 반환 형식은 비함수 선언자 뒤에 올 수 없습니다.
C:\Users\plusf\Desktop\GameP_05\Program\Program.cpp(40,6): error C3484: 구문 오류: 반환 형식 앞에 '->'가 필요합니다.
C:\Users\plusf\Desktop\GameP_05\Program\Program.cpp(40,7): error C3613: '->' 후 반환 형식이 없습니다('int'로 간주됨).
C:\Users\plusf\Desktop\GameP_05\Program\Program.cpp(40,7): error C3646: 'insert': 알 수 없는 재정의 지정자입니다.
C:\Users\plusf\Desktop\GameP_05\Program\Program.cpp(40,13): error C2059: 구문 오류: '('
C:\Users\plusf\Desktop\GameP_05\Program\Program.cpp(40,19): error C2238: ';' 앞에 예기치 않은 토큰이 있습니다.
C:\Users\plusf\Desktop\GameP_05\Program\Program.cpp(41,2): error C3927: '->': 후행 반환 형식은 비함수 선언자 뒤에 올 수 없습니다.
C:\Users\plusf\Desktop\GameP_05\Program\Program.cpp(41,6): error C3484: 구문 오류: 반환 형식 앞에 '->'가 필요합니다.
C:\Users\plusf\Desktop\GameP_05\Program\Program.cpp(41,7): error C3613: '->' 후 반환 형식이 없습니다('int'로 간주됨).
C:\Users\plusf\Desktop\GameP_05\Program\Program.cpp(41,7): error C3646: 'insert': 알 수 없는 재정의 지정자입니다.
C:\Users\plusf\Desktop\GameP_05\Program\Program.cpp(41,13): error C2059: 구문 오류: '('
C:\Users\plusf\Desktop\GameP_05\Program\Program.cpp(41,19): error C2238: ';' 앞에 예기치 않은 토큰이 있습니다.
